Using pre-set license
Built from '2020.3/staging' branch; Version is '2020.3.9f1 (108be757e447) revision 1084391'; Using compiler version '192528614'; Build Type 'Release'
OS: 'Windows 10 Home; OS build 19042.1348; Version 2009; 64bit' Language: 'en' Physical Memory: 32698 MB
BatchMode: 1, IsHumanControllingUs: 0, StartBugReporterOnCrash: 0, Is64bit: 1, IsPro: 0

 COMMAND LINE ARGUMENTS:
D:\Unity\2020.3.9f1\Editor\Unity.exe
-adb2
-batchMode
-noUpm
-name
AssetImportWorker0
-projectPath
F:/Final Project/Final Project
-logFile
Logs/AssetImportWorker0.log
-srvPort
51177
Successfully changed project path to: F:/Final Project/Final Project
F:/Final Project/Final Project
Using Asset Import Pipeline V2.
Refreshing native plugins compatible for Editor in 49.02 ms, found 0 plugins.
Preloading 0 native plugins for Editor in 0.00 ms.
Initialize engine version: 2020.3.9f1 (108be757e447)
[Subsystems] Discovering subsystems at path D:/Unity/2020.3.9f1/Editor/Data/Resources/UnitySubsystems
[Subsystems] Discovering subsystems at path F:/Final Project/Final Project/Assets
GfxDevice: creating device client; threaded=0
Direct3D:
    Version:  Direct3D 11.0 [level 11.1]
    Renderer: Radeon RX 580 Series (ID=0x67df)
    Vendor:   
    VRAM:     8171 MB
    Driver:   30.0.14011.3017
Initialize mono
Mono path[0] = 'D:/Unity/2020.3.9f1/Editor/Data/Managed'
Mono path[1] = 'D:/Unity/2020.3.9f1/Editor/Data/MonoBleedingEdge/lib/mono/unityjit'
Mono config path = 'D:/Unity/2020.3.9f1/Editor/Data/MonoBleedingEdge/etc'
Using monoOptions --debugger-agent=transport=dt_socket,embedding=1,server=y,suspend=n,address=127.0.0.1:56492
Begin MonoManager ReloadAssembly
Registering precompiled unity dll's ...
Register platform support module: D:/Unity/2020.3.9f1/Editor/Data/PlaybackEngines/WindowsStandaloneSupport/UnityEditor.WindowsStandalone.Extensions.dll
Registered in 0.002456 seconds.
Native extension for WindowsStandalone target not found
Refreshing native plugins compatible for Editor in 50.12 ms, found 0 plugins.
Preloading 0 native plugins for Editor in 0.00 ms.
Mono: successfully reloaded assembly
- Completed reload, in  6.505 seconds
Platform modules already initialized, skipping
Registering precompiled user dll's ...
Registered in 0.002104 seconds.
Begin MonoManager ReloadAssembly
Native extension for WindowsStandalone target not found
Refreshing native plugins compatible for Editor in 53.48 ms, found 0 plugins.
Preloading 0 native plugins for Editor in 0.00 ms.
Mono: successfully reloaded assembly
- Completed reload, in  1.118 seconds
Platform modules already initialized, skipping
========================================================================
Worker process is ready to serve import requests
Shader 'Universal Render Pipeline/Particles/Lit': fallback shader 'Universal Render Pipeline/Particles/SimpleLit' not found
Shader 'Universal Render Pipeline/Particles/Lit': fallback shader 'Universal Render Pipeline/Particles/SimpleLit' not found
Launched and connected shader compiler UnityShaderCompiler.exe after 0.07 seconds
Refreshing native plugins compatible for Editor in 0.47 ms, found 0 plugins.
Preloading 0 native plugins for Editor in 0.00 ms.
Unloading 2425 Unused Serialized files (Serialized files now loaded: 0)
System memory in use before: 113.7 MB.
System memory in use after: 110.9 MB.

Unloading 45 unused Assets to reduce memory usage. Loaded Objects now: 2833.
Total: 3.937200 ms (FindLiveObjects: 0.290500 ms CreateObjectMapping: 0.062600 ms MarkObjects: 2.052700 ms  DeleteObjects: 1.529500 ms)

========================================================================
Received Import Request.
  path: Assets/Scripts/Student Scripts/HandController.cs
  artifactKey: Guid(32a954ce14c808347901755e3175570e) Importer(815301076,1909f56bfc062723c751e8b465ee728b)
Start importing Assets/Scripts/Student Scripts/HandController.cs using Guid(32a954ce14c808347901755e3175570e) Importer(815301076,1909f56bfc062723c751e8b465ee728b)  -> (artifact id: '3561a2e43038518015a3e2c8393969e0') in 0.177707 seconds
  Import took 0.182634 seconds .

========================================================================
Received Import Request.
  Time since last request: 0.001565 seconds.
  path: Assets/Scripts/Student Scripts/LocomotionController.cs
  artifactKey: Guid(1c69c9617b794a74e908d7b662a057c9) Importer(815301076,1909f56bfc062723c751e8b465ee728b)
Start importing Assets/Scripts/Student Scripts/LocomotionController.cs using Guid(1c69c9617b794a74e908d7b662a057c9) Importer(815301076,1909f56bfc062723c751e8b465ee728b)  -> (artifact id: '315e5a785e16ec6642bc7bfee7c86192') in 0.008001 seconds
  Import took 0.013515 seconds .

========================================================================
Received Import Request.
  Time since last request: 3.420101 seconds.
  path: Assets/Scripts/Student Scripts/VignetteScript.cs
  artifactKey: Guid(90c535f3f7f94a647b802249c177e012) Importer(815301076,1909f56bfc062723c751e8b465ee728b)
Start importing Assets/Scripts/Student Scripts/VignetteScript.cs using Guid(90c535f3f7f94a647b802249c177e012) Importer(815301076,1909f56bfc062723c751e8b465ee728b)  -> (artifact id: '0600822161206ebe18f0a3576d8a7ad5') in 0.008016 seconds
  Import took 0.028776 seconds .

AssetImportWorkerClient::OnTransportError - code=2 error=End of file
